Arguments: 
  /usr/local/bin/node /usr/local/bin/yarn add console-toolkit

PATH: 
  /usr/local/opt/icu4c/sbin:/usr/local/opt/icu4c/bin:/Library/Java/JavaVirtualMachines/jdk-13.0.2.jdk/Contents/Home/bin:/Users/dingwenwan/dingww/learnFlutter/flutter/bin:/Users/dingwenwan/java_env/jdk-11.0.2.jdk/Contents/Home/bin:/Users/dingwenwan/java_env/apache-maven-3.6.0/bin:/Library/Frameworks/Python.framework/Versions/3.7/bin:/usr/local/bin:/usr/bin:/bin:/usr/sbin:/sbin:/Applications/VMware Fusion.app/Contents/Public:/usr/local/mysql/bin:.

Yarn version: 
  1.10.1

Node version: 
  10.20.1

Platform: 
  darwin x64

Trace: 
  Error: https://registry.yarnpkg.com/console-toolkit: Not found
      at Request.params.callback [as _callback] (/usr/local/lib/node_modules/yarn/lib/cli.js:61073:18)
      at Request.self.callback (/usr/local/lib/node_modules/yarn/lib/cli.js:120166:22)
      at Request.emit (events.js:198:13)
      at Request.<anonymous> (/usr/local/lib/node_modules/yarn/lib/cli.js:121138:10)
      at Request.emit (events.js:198:13)
      at IncomingMessage.<anonymous> (/usr/local/lib/node_modules/yarn/lib/cli.js:121060:12)
      at Object.onceWrapper (events.js:286:20)
      at IncomingMessage.emit (events.js:203:15)
      at endReadableNT (_stream_readable.js:1145:12)
      at process._tickCallback (internal/process/next_tick.js:63:19)

npm manifest: 
  No manifest

yarn manifest: 
  No manifest

Lockfile: 
  No lockfile
